{"D:\\Trabalho\\TIVIT\\testefrontendsp\\App.tsx": {"path":"D:\\Trabalho\\TIVIT\\testefrontendsp\\App.tsx","statementMap":{"0":{"start":{"line":9,"column":12},"end":{"line":15,"column":1}},"1":{"start":{"line":10,"column":2},"end":{"line":14,"column":4}}},"fnMap":{"0":{"name":"(anonymous_0)","decl":{"start":{"line":9,"column":12},"end":{"line":9,"column":13}},"loc":{"start":{"line":9,"column":18},"end":{"line":15,"column":1}},"line":9}},"branchMap":{},"s":{"0":1,"1":1},"f":{"0":1},"b":{},"_coverageSchema":"1a1c01bbd47fc00a2c39e90264f33305004495a9","hash":"7b2e1773504683ae05650d14476687a29911f4ab"}
,"D:\\Trabalho\\TIVIT\\testefrontendsp\\assetsTransformer.js": {"path":"D:\\Trabalho\\TIVIT\\testefrontendsp\\assetsTransformer.js","statementMap":{"0":{"start":{"line":1,"column":13},"end":{"line":1,"column":28}},"1":{"start":{"line":3,"column":0},"end":{"line":7,"column":2}},"2":{"start":{"line":5,"column":4},"end":{"line":5,"column":79}}},"fnMap":{"0":{"name":"(anonymous_0)","decl":{"start":{"line":4,"column":2},"end":{"line":4,"column":3}},"loc":{"start":{"line":4,"column":42},"end":{"line":6,"column":3}},"line":4}},"branchMap":{},"s":{"0":1,"1":1,"2":0},"f":{"0":0},"b":{},"_coverageSchema":"1a1c01bbd47fc00a2c39e90264f33305004495a9","hash":"cdb598b0ca21ce5c629fa14ced7aa9e003e48fdb"}
,"D:\\Trabalho\\TIVIT\\testefrontendsp\\src\\assets\\imagens\\icons\\carrinho.tsx": {"path":"D:\\Trabalho\\TIVIT\\testefrontendsp\\src\\assets\\imagens\\icons\\carrinho.tsx","statementMap":{"0":{"start":{"line":5,"column":17},"end":{"line":24,"column":1}},"1":{"start":{"line":6,"column":2},"end":{"line":23,"column":4}}},"fnMap":{"0":{"name":"(anonymous_0)","decl":{"start":{"line":5,"column":17},"end":{"line":5,"column":18}},"loc":{"start":{"line":5,"column":23},"end":{"line":24,"column":1}},"line":5}},"branchMap":{},"s":{"0":1,"1":2},"f":{"0":2},"b":{},"_coverageSchema":"1a1c01bbd47fc00a2c39e90264f33305004495a9","hash":"e78b411b36ab6a50e5730291d6adb569b30b3acd"}
,"D:\\Trabalho\\TIVIT\\testefrontendsp\\src\\assets\\imagens\\icons\\check.tsx": {"path":"D:\\Trabalho\\TIVIT\\testefrontendsp\\src\\assets\\imagens\\icons\\check.tsx","statementMap":{"0":{"start":{"line":4,"column":14},"end":{"line":20,"column":1}},"1":{"start":{"line":5,"column":2},"end":{"line":19,"column":4}}},"fnMap":{"0":{"name":"(anonymous_0)","decl":{"start":{"line":4,"column":14},"end":{"line":4,"column":15}},"loc":{"start":{"line":4,"column":20},"end":{"line":20,"column":1}},"line":4}},"branchMap":{},"s":{"0":1,"1":0},"f":{"0":0},"b":{},"_coverageSchema":"1a1c01bbd47fc00a2c39e90264f33305004495a9","hash":"23a04f0ae729ea21222841b7f67a8b4f9c5ae24a"}
,"D:\\Trabalho\\TIVIT\\testefrontendsp\\src\\assets\\imagens\\icons\\chevron.tsx": {"path":"D:\\Trabalho\\TIVIT\\testefrontendsp\\src\\assets\\imagens\\icons\\chevron.tsx","statementMap":{"0":{"start":{"line":6,"column":16},"end":{"line":31,"column":1}},"1":{"start":{"line":7,"column":21},"end":{"line":7,"column":36}},"2":{"start":{"line":10,"column":4},"end":{"line":10,"column":32}},"3":{"start":{"line":13,"column":2},"end":{"line":30,"column":4}}},"fnMap":{"0":{"name":"(anonymous_0)","decl":{"start":{"line":6,"column":16},"end":{"line":6,"column":17}},"loc":{"start":{"line":6,"column":22},"end":{"line":31,"column":1}},"line":6},"1":{"name":"handleNavigateToGoPage","decl":{"start":{"line":9,"column":11},"end":{"line":9,"column":33}},"loc":{"start":{"line":9,"column":36},"end":{"line":11,"column":3}},"line":9}},"branchMap":{},"s":{"0":1,"1":0,"2":0,"3":0},"f":{"0":0,"1":0},"b":{},"_coverageSchema":"1a1c01bbd47fc00a2c39e90264f33305004495a9","hash":"a572d73f6652e96cdfeaf00e014a6d76ca4b7784"}
,"D:\\Trabalho\\TIVIT\\testefrontendsp\\src\\pages\\Loja\\index.tsx": {"path":"D:\\Trabalho\\TIVIT\\testefrontendsp\\src\\pages\\Loja\\index.tsx","statementMap":{"0":{"start":{"line":17,"column":21},"end":{"line":17,"column":51}},"1":{"start":{"line":18,"column":19},"end":{"line":18,"column":49}},"2":{"start":{"line":31,"column":30},"end":{"line":88,"column":1}},"3":{"start":{"line":32,"column":21},"end":{"line":32,"column":36}},"4":{"start":{"line":33,"column":40},"end":{"line":33,"column":51}},"5":{"start":{"line":34,"column":26},"end":{"line":34,"column":31}},"6":{"start":{"line":35,"column":27},"end":{"line":35,"column":32}},"7":{"start":{"line":37,"column":2},"end":{"line":39,"column":7}},"8":{"start":{"line":38,"column":4},"end":{"line":38,"column":18}},"9":{"start":{"line":42,"column":4},"end":{"line":42,"column":52}},"10":{"start":{"line":46,"column":4},"end":{"line":50,"column":10}},"11":{"start":{"line":53,"column":2},"end":{"line":87,"column":4}},"12":{"start":{"line":69,"column":43},"end":{"line":69,"column":64}},"13":{"start":{"line":90,"column":24},"end":{"line":92,"column":2}},"14":{"start":{"line":90,"column":54},"end":{"line":92,"column":1}},"15":{"start":{"line":94,"column":27},"end":{"line":94,"column":100}},"16":{"start":{"line":94,"column":51},"end":{"line":94,"column":100}}},"fnMap":{"0":{"name":"(anonymous_0)","decl":{"start":{"line":31,"column":30},"end":{"line":31,"column":31}},"loc":{"start":{"line":31,"column":41},"end":{"line":88,"column":1}},"line":31},"1":{"name":"(anonymous_1)","decl":{"start":{"line":37,"column":12},"end":{"line":37,"column":13}},"loc":{"start":{"line":37,"column":17},"end":{"line":39,"column":3}},"line":37},"2":{"name":"handleNavigateToPagamentoPage","decl":{"start":{"line":41,"column":11},"end":{"line":41,"column":40}},"loc":{"start":{"line":41,"column":52},"end":{"line":43,"column":3}},"line":41},"3":{"name":"_renderItem","decl":{"start":{"line":45,"column":11},"end":{"line":45,"column":22}},"loc":{"start":{"line":45,"column":35},"end":{"line":51,"column":3}},"line":45},"4":{"name":"(anonymous_4)","decl":{"start":{"line":69,"column":24},"end":{"line":69,"column":25}},"loc":{"start":{"line":69,"column":43},"end":{"line":69,"column":64}},"line":69},"5":{"name":"(anonymous_5)","decl":{"start":{"line":90,"column":24},"end":{"line":90,"column":25}},"loc":{"start":{"line":90,"column":54},"end":{"line":92,"column":1}},"line":90},"6":{"name":"(anonymous_6)","decl":{"start":{"line":94,"column":27},"end":{"line":94,"column":28}},"loc":{"start":{"line":94,"column":51},"end":{"line":94,"column":100}},"line":94}},"branchMap":{},"s":{"0":1,"1":1,"2":1,"3":1,"4":1,"5":1,"6":1,"7":1,"8":1,"9":0,"10":0,"11":1,"12":0,"13":1,"14":2,"15":1,"16":1},"f":{"0":1,"1":1,"2":0,"3":0,"4":0,"5":2,"6":1},"b":{},"_coverageSchema":"1a1c01bbd47fc00a2c39e90264f33305004495a9","hash":"fed7a83bc7a1204da6eecaf817c7d935e5857dc1"}
,"D:\\Trabalho\\TIVIT\\testefrontendsp\\src\\pages\\Loja\\styles.ts": {"path":"D:\\Trabalho\\TIVIT\\testefrontendsp\\src\\pages\\Loja\\styles.ts","statementMap":{"0":{"start":{"line":3,"column":15},"end":{"line":30,"column":2}}},"fnMap":{},"branchMap":{},"s":{"0":1},"f":{},"b":{},"_coverageSchema":"1a1c01bbd47fc00a2c39e90264f33305004495a9","hash":"2afe4dc00fa31bd36e86bb000c3f3bb0e81e4d1d"}
,"D:\\Trabalho\\TIVIT\\testefrontendsp\\src\\pages\\Pagamento\\index.tsx": {"path":"D:\\Trabalho\\TIVIT\\testefrontendsp\\src\\pages\\Pagamento\\index.tsx","statementMap":{"0":{"start":{"line":10,"column":18},"end":{"line":123,"column":1}},"1":{"start":{"line":11,"column":21},"end":{"line":11,"column":36}},"2":{"start":{"line":12,"column":21},"end":{"line":12,"column":31}},"3":{"start":{"line":14,"column":26},"end":{"line":14,"column":38}},"4":{"start":{"line":15,"column":30},"end":{"line":15,"column":42}},"5":{"start":{"line":16,"column":24},"end":{"line":16,"column":36}},"6":{"start":{"line":17,"column":34},"end":{"line":17,"column":46}},"7":{"start":{"line":19,"column":28},"end":{"line":19,"column":47}},"8":{"start":{"line":20,"column":48},"end":{"line":20,"column":68}},"9":{"start":{"line":21,"column":44},"end":{"line":21,"column":63}},"10":{"start":{"line":22,"column":28},"end":{"line":22,"column":47}},"11":{"start":{"line":24,"column":2},"end":{"line":26,"column":9}},"12":{"start":{"line":25,"column":4},"end":{"line":25,"column":26}},"13":{"start":{"line":29,"column":4},"end":{"line":29,"column":46}},"14":{"start":{"line":34,"column":16},"end":{"line":34,"column":34}},"15":{"start":{"line":35,"column":4},"end":{"line":35,"column":20}},"16":{"start":{"line":37,"column":16},"end":{"line":37,"column":39}},"17":{"start":{"line":38,"column":4},"end":{"line":38,"column":24}},"18":{"start":{"line":39,"column":4},"end":{"line":39,"column":28}},"19":{"start":{"line":41,"column":16},"end":{"line":41,"column":29}},"20":{"start":{"line":42,"column":4},"end":{"line":42,"column":20}},"21":{"start":{"line":45,"column":2},"end":{"line":122,"column":4}},"22":{"start":{"line":64,"column":45},"end":{"line":64,"column":60}},"23":{"start":{"line":71,"column":45},"end":{"line":71,"column":58}},"24":{"start":{"line":80,"column":49},"end":{"line":80,"column":66}},"25":{"start":{"line":89,"column":49},"end":{"line":89,"column":61}}},"fnMap":{"0":{"name":"(anonymous_0)","decl":{"start":{"line":10,"column":18},"end":{"line":10,"column":19}},"loc":{"start":{"line":10,"column":24},"end":{"line":123,"column":1}},"line":10},"1":{"name":"(anonymous_1)","decl":{"start":{"line":24,"column":12},"end":{"line":24,"column":13}},"loc":{"start":{"line":24,"column":18},"end":{"line":26,"column":3}},"line":24},"2":{"name":"handleNavigateToPagamentoPage","decl":{"start":{"line":28,"column":11},"end":{"line":28,"column":40}},"loc":{"start":{"line":28,"column":43},"end":{"line":30,"column":3}},"line":28},"3":{"name":"discountCalculation","decl":{"start":{"line":32,"column":11},"end":{"line":32,"column":30}},"loc":{"start":{"line":32,"column":33},"end":{"line":43,"column":3}},"line":32},"4":{"name":"(anonymous_4)","decl":{"start":{"line":64,"column":27},"end":{"line":64,"column":28}},"loc":{"start":{"line":64,"column":45},"end":{"line":64,"column":60}},"line":64},"5":{"name":"(anonymous_5)","decl":{"start":{"line":71,"column":27},"end":{"line":71,"column":28}},"loc":{"start":{"line":71,"column":45},"end":{"line":71,"column":58}},"line":71},"6":{"name":"(anonymous_6)","decl":{"start":{"line":80,"column":31},"end":{"line":80,"column":32}},"loc":{"start":{"line":80,"column":49},"end":{"line":80,"column":66}},"line":80},"7":{"name":"(anonymous_7)","decl":{"start":{"line":89,"column":31},"end":{"line":89,"column":32}},"loc":{"start":{"line":89,"column":49},"end":{"line":89,"column":61}},"line":89}},"branchMap":{},"s":{"0":1,"1":0,"2":0,"3":0,"4":0,"5":0,"6":0,"7":0,"8":0,"9":0,"10":0,"11":0,"12":0,"13":0,"14":0,"15":0,"16":0,"17":0,"18":0,"19":0,"20":0,"21":0,"22":0,"23":0,"24":0,"25":0},"f":{"0":0,"1":0,"2":0,"3":0,"4":0,"5":0,"6":0,"7":0},"b":{},"_coverageSchema":"1a1c01bbd47fc00a2c39e90264f33305004495a9","hash":"03e1ef0db55b234b849d8c391fff0a82803e2f4c"}
,"D:\\Trabalho\\TIVIT\\testefrontendsp\\src\\pages\\Pagamento\\style.ts": {"path":"D:\\Trabalho\\TIVIT\\testefrontendsp\\src\\pages\\Pagamento\\style.ts","statementMap":{"0":{"start":{"line":3,"column":15},"end":{"line":54,"column":2}}},"fnMap":{},"branchMap":{},"s":{"0":1},"f":{},"b":{},"_coverageSchema":"1a1c01bbd47fc00a2c39e90264f33305004495a9","hash":"38e5ffe52bc2c15be3617f47031743f243996d1e"}
,"D:\\Trabalho\\TIVIT\\testefrontendsp\\src\\pages\\PamentoConcluido\\index.tsx": {"path":"D:\\Trabalho\\TIVIT\\testefrontendsp\\src\\pages\\PamentoConcluido\\index.tsx","statementMap":{"0":{"start":{"line":9,"column":27},"end":{"line":47,"column":1}},"1":{"start":{"line":10,"column":21},"end":{"line":10,"column":36}},"2":{"start":{"line":13,"column":4},"end":{"line":13,"column":32}},"3":{"start":{"line":16,"column":2},"end":{"line":46,"column":4}}},"fnMap":{"0":{"name":"(anonymous_0)","decl":{"start":{"line":9,"column":27},"end":{"line":9,"column":28}},"loc":{"start":{"line":9,"column":33},"end":{"line":47,"column":1}},"line":9},"1":{"name":"handleNavigateToPagamentoPage","decl":{"start":{"line":12,"column":11},"end":{"line":12,"column":40}},"loc":{"start":{"line":12,"column":43},"end":{"line":14,"column":3}},"line":12}},"branchMap":{},"s":{"0":1,"1":0,"2":0,"3":0},"f":{"0":0,"1":0},"b":{},"_coverageSchema":"1a1c01bbd47fc00a2c39e90264f33305004495a9","hash":"79c638c6bfce6e58ea3632726538e7064ab0a7bf"}
,"D:\\Trabalho\\TIVIT\\testefrontendsp\\src\\pages\\PamentoConcluido\\style.ts": {"path":"D:\\Trabalho\\TIVIT\\testefrontendsp\\src\\pages\\PamentoConcluido\\style.ts","statementMap":{"0":{"start":{"line":3,"column":15},"end":{"line":45,"column":2}}},"fnMap":{},"branchMap":{},"s":{"0":1},"f":{},"b":{},"_coverageSchema":"1a1c01bbd47fc00a2c39e90264f33305004495a9","hash":"164fe5d8a3913e24d8c212730e975ecc4e20344c"}
,"D:\\Trabalho\\TIVIT\\testefrontendsp\\src\\pages\\components\\Input\\index.tsx": {"path":"D:\\Trabalho\\TIVIT\\testefrontendsp\\src\\pages\\components\\Input\\index.tsx","statementMap":{"0":{"start":{"line":17,"column":36},"end":{"line":80,"column":1}},"1":{"start":{"line":20,"column":36},"end":{"line":20,"column":51}},"2":{"start":{"line":24,"column":4},"end":{"line":27,"column":5}},"3":{"start":{"line":25,"column":20},"end":{"line":25,"column":43}},"4":{"start":{"line":26,"column":6},"end":{"line":26,"column":29}},"5":{"start":{"line":28,"column":4},"end":{"line":31,"column":5}},"6":{"start":{"line":29,"column":20},"end":{"line":29,"column":33}},"7":{"start":{"line":30,"column":6},"end":{"line":30,"column":29}},"8":{"start":{"line":32,"column":4},"end":{"line":35,"column":5}},"9":{"start":{"line":33,"column":20},"end":{"line":33,"column":36}},"10":{"start":{"line":34,"column":6},"end":{"line":34,"column":29}},"11":{"start":{"line":36,"column":4},"end":{"line":39,"column":5}},"12":{"start":{"line":37,"column":20},"end":{"line":37,"column":38}},"13":{"start":{"line":38,"column":6},"end":{"line":38,"column":29}},"14":{"start":{"line":44,"column":4},"end":{"line":44,"column":22}},"15":{"start":{"line":48,"column":16},"end":{"line":48,"column":29}},"16":{"start":{"line":49,"column":4},"end":{"line":53,"column":5}},"17":{"start":{"line":50,"column":6},"end":{"line":50,"column":25}},"18":{"start":{"line":51,"column":10},"end":{"line":53,"column":5}},"19":{"start":{"line":52,"column":6},"end":{"line":52,"column":25}},"20":{"start":{"line":56,"column":2},"end":{"line":79,"column":4}},"21":{"start":{"line":62,"column":39},"end":{"line":62,"column":57}}},"fnMap":{"0":{"name":"(anonymous_0)","decl":{"start":{"line":17,"column":36},"end":{"line":17,"column":37}},"loc":{"start":{"line":17,"column":88},"end":{"line":80,"column":1}},"line":17},"1":{"name":"handleChange","decl":{"start":{"line":22,"column":11},"end":{"line":22,"column":23}},"loc":{"start":{"line":22,"column":38},"end":{"line":40,"column":3}},"line":22},"2":{"name":"handleFocus","decl":{"start":{"line":42,"column":11},"end":{"line":42,"column":22}},"loc":{"start":{"line":42,"column":25},"end":{"line":45,"column":3}},"line":42},"3":{"name":"handleBlur","decl":{"start":{"line":47,"column":11},"end":{"line":47,"column":21}},"loc":{"start":{"line":47,"column":25},"end":{"line":54,"column":3}},"line":47},"4":{"name":"(anonymous_4)","decl":{"start":{"line":62,"column":24},"end":{"line":62,"column":25}},"loc":{"start":{"line":62,"column":39},"end":{"line":62,"column":57}},"line":62}},"branchMap":{"0":{"loc":{"start":{"line":24,"column":4},"end":{"line":27,"column":5}},"type":"if","locations":[{"start":{"line":24,"column":4},"end":{"line":27,"column":5}},{"start":{"line":24,"column":4},"end":{"line":27,"column":5}}],"line":24},"1":{"loc":{"start":{"line":28,"column":4},"end":{"line":31,"column":5}},"type":"if","locations":[{"start":{"line":28,"column":4},"end":{"line":31,"column":5}},{"start":{"line":28,"column":4},"end":{"line":31,"column":5}}],"line":28},"2":{"loc":{"start":{"line":32,"column":4},"end":{"line":35,"column":5}},"type":"if","locations":[{"start":{"line":32,"column":4},"end":{"line":35,"column":5}},{"start":{"line":32,"column":4},"end":{"line":35,"column":5}}],"line":32},"3":{"loc":{"start":{"line":36,"column":4},"end":{"line":39,"column":5}},"type":"if","locations":[{"start":{"line":36,"column":4},"end":{"line":39,"column":5}},{"start":{"line":36,"column":4},"end":{"line":39,"column":5}}],"line":36},"4":{"loc":{"start":{"line":49,"column":4},"end":{"line":53,"column":5}},"type":"if","locations":[{"start":{"line":49,"column":4},"end":{"line":53,"column":5}},{"start":{"line":49,"column":4},"end":{"line":53,"column":5}}],"line":49},"5":{"loc":{"start":{"line":51,"column":10},"end":{"line":53,"column":5}},"type":"if","locations":[{"start":{"line":51,"column":10},"end":{"line":53,"column":5}},{"start":{"line":51,"column":10},"end":{"line":53,"column":5}}],"line":51},"6":{"loc":{"start":{"line":72,"column":15},"end":{"line":72,"column":35}},"type":"cond-expr","locations":[{"start":{"line":72,"column":28},"end":{"line":72,"column":30}},{"start":{"line":72,"column":33},"end":{"line":72,"column":35}}],"line":72},"7":{"loc":{"start":{"line":73,"column":20},"end":{"line":73,"column":39}},"type":"cond-expr","locations":[{"start":{"line":73,"column":33},"end":{"line":73,"column":35}},{"start":{"line":73,"column":38},"end":{"line":73,"column":39}}],"line":73}},"s":{"0":1,"1":0,"2":0,"3":0,"4":0,"5":0,"6":0,"7":0,"8":0,"9":0,"10":0,"11":0,"12":0,"13":0,"14":0,"15":0,"16":0,"17":0,"18":0,"19":0,"20":0,"21":0},"f":{"0":0,"1":0,"2":0,"3":0,"4":0},"b":{"0":[0,0],"1":[0,0],"2":[0,0],"3":[0,0],"4":[0,0],"5":[0,0],"6":[0,0],"7":[0,0]},"_coverageSchema":"1a1c01bbd47fc00a2c39e90264f33305004495a9","hash":"e78ea02a7684c59c96c3eb370515b1546f34fed8"}
,"D:\\Trabalho\\TIVIT\\testefrontendsp\\src\\pages\\components\\Input\\styles.ts": {"path":"D:\\Trabalho\\TIVIT\\testefrontendsp\\src\\pages\\components\\Input\\styles.ts","statementMap":{"0":{"start":{"line":3,"column":15},"end":{"line":26,"column":2}}},"fnMap":{},"branchMap":{},"s":{"0":1},"f":{},"b":{},"_coverageSchema":"1a1c01bbd47fc00a2c39e90264f33305004495a9","hash":"e6875515bfa98137e982d869db56d755102711cf"}
,"D:\\Trabalho\\TIVIT\\testefrontendsp\\src\\pages\\components\\card\\index.tsx": {"path":"D:\\Trabalho\\TIVIT\\testefrontendsp\\src\\pages\\components\\card\\index.tsx","statementMap":{"0":{"start":{"line":23,"column":35},"end":{"line":65,"column":1}},"1":{"start":{"line":25,"column":16},"end":{"line":25,"column":32}},"2":{"start":{"line":26,"column":19},"end":{"line":26,"column":33}},"3":{"start":{"line":29,"column":4},"end":{"line":29,"column":41}},"4":{"start":{"line":32,"column":2},"end":{"line":64,"column":4}},"5":{"start":{"line":57,"column":25},"end":{"line":57,"column":67}}},"fnMap":{"0":{"name":"(anonymous_0)","decl":{"start":{"line":23,"column":35},"end":{"line":23,"column":36}},"loc":{"start":{"line":23,"column":46},"end":{"line":65,"column":1}},"line":23},"1":{"name":"handleNavigateToPagamentoPage","decl":{"start":{"line":28,"column":11},"end":{"line":28,"column":40}},"loc":{"start":{"line":28,"column":52},"end":{"line":30,"column":3}},"line":28},"2":{"name":"(anonymous_2)","decl":{"start":{"line":57,"column":19},"end":{"line":57,"column":20}},"loc":{"start":{"line":57,"column":25},"end":{"line":57,"column":67}},"line":57}},"branchMap":{},"s":{"0":1,"1":0,"2":0,"3":0,"4":0,"5":0},"f":{"0":0,"1":0,"2":0},"b":{},"_coverageSchema":"1a1c01bbd47fc00a2c39e90264f33305004495a9","hash":"26bfb6ebf3c3af35bda0d91b1a276b979b546023"}
,"D:\\Trabalho\\TIVIT\\testefrontendsp\\src\\pages\\components\\card\\styles.ts": {"path":"D:\\Trabalho\\TIVIT\\testefrontendsp\\src\\pages\\components\\card\\styles.ts","statementMap":{"0":{"start":{"line":3,"column":15},"end":{"line":72,"column":2}}},"fnMap":{},"branchMap":{},"s":{"0":1},"f":{},"b":{},"_coverageSchema":"1a1c01bbd47fc00a2c39e90264f33305004495a9","hash":"2a6cc430e40f130c2b89057d48206a802abac940"}
,"D:\\Trabalho\\TIVIT\\testefrontendsp\\src\\pages\\components\\cartaoDigito\\index.tsx": {"path":"D:\\Trabalho\\TIVIT\\testefrontendsp\\src\\pages\\components\\cartaoDigito\\index.tsx","statementMap":{"0":{"start":{"line":4,"column":43},"end":{"line":80,"column":1}},"1":{"start":{"line":10,"column":27},"end":{"line":13,"column":3}},"2":{"start":{"line":14,"column":25},"end":{"line":17,"column":3}},"3":{"start":{"line":18,"column":17},"end":{"line":18,"column":41}},"4":{"start":{"line":19,"column":2},"end":{"line":79,"column":4}},"5":{"start":{"line":84,"column":15},"end":{"line":98,"column":2}}},"fnMap":{"0":{"name":"(anonymous_0)","decl":{"start":{"line":4,"column":43},"end":{"line":4,"column":44}},"loc":{"start":{"line":9,"column":6},"end":{"line":80,"column":1}},"line":9}},"branchMap":{"0":{"loc":{"start":{"line":47,"column":12},"end":{"line":49,"column":50}},"type":"cond-expr","locations":[{"start":{"line":48,"column":16},"end":{"line":48,"column":54}},{"start":{"line":49,"column":16},"end":{"line":49,"column":50}}],"line":47},"1":{"loc":{"start":{"line":55,"column":12},"end":{"line":57,"column":50}},"type":"cond-expr","locations":[{"start":{"line":56,"column":16},"end":{"line":56,"column":54}},{"start":{"line":57,"column":16},"end":{"line":57,"column":50}}],"line":55},"2":{"loc":{"start":{"line":63,"column":12},"end":{"line":65,"column":50}},"type":"cond-expr","locations":[{"start":{"line":64,"column":16},"end":{"line":64,"column":54}},{"start":{"line":65,"column":16},"end":{"line":65,"column":50}}],"line":63},"3":{"loc":{"start":{"line":71,"column":12},"end":{"line":73,"column":50}},"type":"cond-expr","locations":[{"start":{"line":72,"column":16},"end":{"line":72,"column":54}},{"start":{"line":73,"column":16},"end":{"line":73,"column":50}}],"line":71}},"s":{"0":1,"1":0,"2":0,"3":0,"4":0,"5":1},"f":{"0":0},"b":{"0":[0,0],"1":[0,0],"2":[0,0],"3":[0,0]},"_coverageSchema":"1a1c01bbd47fc00a2c39e90264f33305004495a9","hash":"10f2eb8c4434feaf4bb29e46e10c3adae082fd8e"}
,"D:\\Trabalho\\TIVIT\\testefrontendsp\\src\\pages\\components\\drawingCartao\\index.tsx": {"path":"D:\\Trabalho\\TIVIT\\testefrontendsp\\src\\pages\\components\\drawingCartao\\index.tsx","statementMap":{"0":{"start":{"line":6,"column":16},"end":{"line":6,"column":40}},"1":{"start":{"line":7,"column":19},"end":{"line":7,"column":29}},"2":{"start":{"line":16,"column":44},"end":{"line":86,"column":1}},"3":{"start":{"line":17,"column":2},"end":{"line":85,"column":4}}},"fnMap":{"0":{"name":"(anonymous_0)","decl":{"start":{"line":16,"column":44},"end":{"line":16,"column":45}},"loc":{"start":{"line":16,"column":79},"end":{"line":86,"column":1}},"line":16}},"branchMap":{},"s":{"0":1,"1":1,"2":1,"3":0},"f":{"0":0},"b":{},"_coverageSchema":"1a1c01bbd47fc00a2c39e90264f33305004495a9","hash":"7eb993d8ff0a470bcd4d86d9b7b6bafc4868745e"}
,"D:\\Trabalho\\TIVIT\\testefrontendsp\\src\\pages\\components\\drawingCartao\\style.ts": {"path":"D:\\Trabalho\\TIVIT\\testefrontendsp\\src\\pages\\components\\drawingCartao\\style.ts","statementMap":{"0":{"start":{"line":3,"column":15},"end":{"line":46,"column":2}}},"fnMap":{},"branchMap":{},"s":{"0":1},"f":{},"b":{},"_coverageSchema":"1a1c01bbd47fc00a2c39e90264f33305004495a9","hash":"cab5ceff842f23c0809cbc75a37859ada4db6e65"}
,"D:\\Trabalho\\TIVIT\\testefrontendsp\\src\\routes\\AppStack.tsx": {"path":"D:\\Trabalho\\TIVIT\\testefrontendsp\\src\\routes\\AppStack.tsx","statementMap":{"0":{"start":{"line":12,"column":28},"end":{"line":12,"column":50}},"1":{"start":{"line":15,"column":2},"end":{"line":77,"column":4}},"2":{"start":{"line":33,"column":31},"end":{"line":33,"column":43}},"3":{"start":{"line":52,"column":31},"end":{"line":52,"column":43}},"4":{"start":{"line":53,"column":30},"end":{"line":53,"column":41}},"5":{"start":{"line":71,"column":31},"end":{"line":71,"column":43}},"6":{"start":{"line":72,"column":30},"end":{"line":72,"column":41}}},"fnMap":{"0":{"name":"AppStack","decl":{"start":{"line":14,"column":24},"end":{"line":14,"column":32}},"loc":{"start":{"line":14,"column":35},"end":{"line":78,"column":1}},"line":14},"1":{"name":"(anonymous_1)","decl":{"start":{"line":33,"column":25},"end":{"line":33,"column":26}},"loc":{"start":{"line":33,"column":31},"end":{"line":33,"column":43}},"line":33},"2":{"name":"(anonymous_2)","decl":{"start":{"line":52,"column":25},"end":{"line":52,"column":26}},"loc":{"start":{"line":52,"column":31},"end":{"line":52,"column":43}},"line":52},"3":{"name":"(anonymous_3)","decl":{"start":{"line":53,"column":24},"end":{"line":53,"column":25}},"loc":{"start":{"line":53,"column":30},"end":{"line":53,"column":41}},"line":53},"4":{"name":"(anonymous_4)","decl":{"start":{"line":71,"column":25},"end":{"line":71,"column":26}},"loc":{"start":{"line":71,"column":31},"end":{"line":71,"column":43}},"line":71},"5":{"name":"(anonymous_5)","decl":{"start":{"line":72,"column":24},"end":{"line":72,"column":25}},"loc":{"start":{"line":72,"column":30},"end":{"line":72,"column":41}},"line":72}},"branchMap":{},"s":{"0":1,"1":1,"2":2,"3":0,"4":0,"5":0,"6":0},"f":{"0":1,"1":2,"2":0,"3":0,"4":0,"5":0},"b":{},"_coverageSchema":"1a1c01bbd47fc00a2c39e90264f33305004495a9","hash":"3f6f12eb0d4b2fa242f570775321221abd3f3cbc"}
,"D:\\Trabalho\\TIVIT\\testefrontendsp\\src\\routes\\wrapper.tsx": {"path":"D:\\Trabalho\\TIVIT\\testefrontendsp\\src\\routes\\wrapper.tsx","statementMap":{"0":{"start":{"line":6,"column":20},"end":{"line":6,"column":34}},"1":{"start":{"line":8,"column":2},"end":{"line":8,"column":53}}},"fnMap":{"0":{"name":"FocusAwareStatusBar","decl":{"start":{"line":5,"column":16},"end":{"line":5,"column":35}},"loc":{"start":{"line":5,"column":43},"end":{"line":9,"column":1}},"line":5}},"branchMap":{"0":{"loc":{"start":{"line":8,"column":9},"end":{"line":8,"column":52}},"type":"cond-expr","locations":[{"start":{"line":8,"column":21},"end":{"line":8,"column":45}},{"start":{"line":8,"column":48},"end":{"line":8,"column":52}}],"line":8}},"s":{"0":1,"1":1},"f":{"0":1},"b":{"0":[1,0]},"_coverageSchema":"1a1c01bbd47fc00a2c39e90264f33305004495a9","hash":"1541324a8503582846365744e53aaa77b781b67b"}
,"D:\\Trabalho\\TIVIT\\testefrontendsp\\src\\services\\api.js": {"path":"D:\\Trabalho\\TIVIT\\testefrontendsp\\src\\services\\api.js","statementMap":{"0":{"start":{"line":3,"column":12},"end":{"line":5,"column":2}}},"fnMap":{},"branchMap":{},"s":{"0":1},"f":{},"b":{},"_coverageSchema":"1a1c01bbd47fc00a2c39e90264f33305004495a9","hash":"bf7fdc234a631743d920fe16cc8796254088dd56"}
,"D:\\Trabalho\\TIVIT\\testefrontendsp\\src\\store\\index.ts": {"path":"D:\\Trabalho\\TIVIT\\testefrontendsp\\src\\store\\index.ts","statementMap":{"0":{"start":{"line":12,"column":23},"end":{"line":12,"column":45}},"1":{"start":{"line":14,"column":39},"end":{"line":14,"column":96}},"2":{"start":{"line":16,"column":0},"end":{"line":16,"column":29}}},"fnMap":{},"branchMap":{},"s":{"0":1,"1":1,"2":1},"f":{},"b":{},"_coverageSchema":"1a1c01bbd47fc00a2c39e90264f33305004495a9","hash":"823bee75a227cf73c657403b6e9598a9677b1425"}
,"D:\\Trabalho\\TIVIT\\testefrontendsp\\src\\store\\ducks\\rootReducer.ts": {"path":"D:\\Trabalho\\TIVIT\\testefrontendsp\\src\\store\\ducks\\rootReducer.ts","statementMap":{},"fnMap":{},"branchMap":{},"s":{},"f":{},"b":{},"_coverageSchema":"1a1c01bbd47fc00a2c39e90264f33305004495a9","hash":"b71fc5f95730937ad50a7b8d0d19995f37701679"}
,"D:\\Trabalho\\TIVIT\\testefrontendsp\\src\\store\\ducks\\rootSaga.ts": {"path":"D:\\Trabalho\\TIVIT\\testefrontendsp\\src\\store\\ducks\\rootSaga.ts","statementMap":{"0":{"start":{"line":7,"column":2},"end":{"line":9,"column":5}}},"fnMap":{"0":{"name":"rootSaga","decl":{"start":{"line":6,"column":25},"end":{"line":6,"column":33}},"loc":{"start":{"line":6,"column":36},"end":{"line":10,"column":1}},"line":6}},"branchMap":{},"s":{"0":1},"f":{"0":1},"b":{},"_coverageSchema":"1a1c01bbd47fc00a2c39e90264f33305004495a9","hash":"088b0252b56d2b264f0236b1a15eb72704ccc50c"}
,"D:\\Trabalho\\TIVIT\\testefrontendsp\\src\\store\\ducks\\repositories\\actions.ts": {"path":"D:\\Trabalho\\TIVIT\\testefrontendsp\\src\\store\\ducks\\repositories\\actions.ts","statementMap":{"0":{"start":{"line":4,"column":27},"end":{"line":4,"column":71}},"1":{"start":{"line":4,"column":33},"end":{"line":4,"column":71}},"2":{"start":{"line":6,"column":27},"end":{"line":6,"column":99}},"3":{"start":{"line":6,"column":51},"end":{"line":6,"column":99}},"4":{"start":{"line":8,"column":27},"end":{"line":8,"column":71}},"5":{"start":{"line":8,"column":33},"end":{"line":8,"column":71}}},"fnMap":{"0":{"name":"(anonymous_0)","decl":{"start":{"line":4,"column":27},"end":{"line":4,"column":28}},"loc":{"start":{"line":4,"column":33},"end":{"line":4,"column":71}},"line":4},"1":{"name":"(anonymous_1)","decl":{"start":{"line":6,"column":27},"end":{"line":6,"column":28}},"loc":{"start":{"line":6,"column":51},"end":{"line":6,"column":99}},"line":6},"2":{"name":"(anonymous_2)","decl":{"start":{"line":8,"column":27},"end":{"line":8,"column":28}},"loc":{"start":{"line":8,"column":33},"end":{"line":8,"column":71}},"line":8}},"branchMap":{},"s":{"0":1,"1":1,"2":1,"3":0,"4":1,"5":0},"f":{"0":1,"1":0,"2":0},"b":{},"_coverageSchema":"1a1c01bbd47fc00a2c39e90264f33305004495a9","hash":"b831cd7c0b2fba08e48eec64744f3b6ffc0895be"}
,"D:\\Trabalho\\TIVIT\\testefrontendsp\\src\\store\\ducks\\repositories\\index.ts": {"path":"D:\\Trabalho\\TIVIT\\testefrontendsp\\src\\store\\ducks\\repositories\\index.ts","statementMap":{"0":{"start":{"line":4,"column":41},"end":{"line":8,"column":1}},"1":{"start":{"line":10,"column":44},"end":{"line":25,"column":1}},"2":{"start":{"line":11,"column":2},"end":{"line":24,"column":3}},"3":{"start":{"line":13,"column":6},"end":{"line":13,"column":41}},"4":{"start":{"line":15,"column":6},"end":{"line":17,"column":8}},"5":{"start":{"line":19,"column":6},"end":{"line":21,"column":8}},"6":{"start":{"line":23,"column":6},"end":{"line":23,"column":19}}},"fnMap":{"0":{"name":"(anonymous_0)","decl":{"start":{"line":10,"column":44},"end":{"line":10,"column":45}},"loc":{"start":{"line":10,"column":79},"end":{"line":25,"column":1}},"line":10}},"branchMap":{"0":{"loc":{"start":{"line":10,"column":45},"end":{"line":10,"column":66}},"type":"default-arg","locations":[{"start":{"line":10,"column":53},"end":{"line":10,"column":66}}],"line":10},"1":{"loc":{"start":{"line":11,"column":2},"end":{"line":24,"column":3}},"type":"switch","locations":[{"start":{"line":12,"column":4},"end":{"line":13,"column":41}},{"start":{"line":14,"column":4},"end":{"line":17,"column":8}},{"start":{"line":18,"column":4},"end":{"line":21,"column":8}},{"start":{"line":22,"column":4},"end":{"line":23,"column":19}}],"line":11}},"s":{"0":1,"1":1,"2":4,"3":1,"4":0,"5":0,"6":3},"f":{"0":4},"b":{"0":[3],"1":[1,0,0,3]},"_coverageSchema":"1a1c01bbd47fc00a2c39e90264f33305004495a9","hash":"0a20a26c15a155c8b43b86986ee80a02f9d548b3"}
,"D:\\Trabalho\\TIVIT\\testefrontendsp\\src\\store\\ducks\\repositories\\sagas.ts": {"path":"D:\\Trabalho\\TIVIT\\testefrontendsp\\src\\store\\ducks\\repositories\\sagas.ts","statementMap":{"0":{"start":{"line":7,"column":2},"end":{"line":13,"column":3}},"1":{"start":{"line":8,"column":21},"end":{"line":8,"column":59}},"2":{"start":{"line":10,"column":4},"end":{"line":10,"column":42}},"3":{"start":{"line":12,"column":4},"end":{"line":12,"column":29}}},"fnMap":{"0":{"name":"load","decl":{"start":{"line":6,"column":17},"end":{"line":6,"column":21}},"loc":{"start":{"line":6,"column":24},"end":{"line":14,"column":1}},"line":6}},"branchMap":{},"s":{"0":1,"1":1,"2":0,"3":0},"f":{"0":1},"b":{},"_coverageSchema":"1a1c01bbd47fc00a2c39e90264f33305004495a9","hash":"1f0202fa5f39235c1d694129f96e9480e2bcf263"}
,"D:\\Trabalho\\TIVIT\\testefrontendsp\\src\\store\\ducks\\repositories\\types.ts": {"path":"D:\\Trabalho\\TIVIT\\testefrontendsp\\src\\store\\ducks\\repositories\\types.ts","statementMap":{},"fnMap":{},"branchMap":{},"s":{},"f":{},"b":{},"_coverageSchema":"1a1c01bbd47fc00a2c39e90264f33305004495a9","hash":"b60a262e2c52e74bb58faaafeb38796103bf06ad"}
,"D:\\Trabalho\\TIVIT\\testefrontendsp\\src\\utils\\masks.ts": {"path":"D:\\Trabalho\\TIVIT\\testefrontendsp\\src\\utils\\masks.ts","statementMap":{"0":{"start":{"line":4,"column":2},"end":{"line":4,"column":35}},"1":{"start":{"line":5,"column":2},"end":{"line":5,"column":43}},"2":{"start":{"line":6,"column":2},"end":{"line":6,"column":35}},"3":{"start":{"line":7,"column":2},"end":{"line":7,"column":33}},"4":{"start":{"line":9,"column":2},"end":{"line":9,"column":15}},"5":{"start":{"line":13,"column":2},"end":{"line":13,"column":35}},"6":{"start":{"line":14,"column":2},"end":{"line":14,"column":32}},"7":{"start":{"line":15,"column":2},"end":{"line":15,"column":15}},"8":{"start":{"line":19,"column":2},"end":{"line":19,"column":35}},"9":{"start":{"line":20,"column":2},"end":{"line":20,"column":52}},"10":{"start":{"line":21,"column":2},"end":{"line":21,"column":32}},"11":{"start":{"line":22,"column":2},"end":{"line":22,"column":15}},"12":{"start":{"line":26,"column":2},"end":{"line":26,"column":33}},"13":{"start":{"line":27,"column":2},"end":{"line":27,"column":15}}},"fnMap":{"0":{"name":"maskCartaoCredito","decl":{"start":{"line":3,"column":9},"end":{"line":3,"column":26}},"loc":{"start":{"line":3,"column":42},"end":{"line":10,"column":1}},"line":3},"1":{"name":"maskCvv","decl":{"start":{"line":12,"column":9},"end":{"line":12,"column":16}},"loc":{"start":{"line":12,"column":32},"end":{"line":16,"column":1}},"line":12},"2":{"name":"maskValidade","decl":{"start":{"line":18,"column":9},"end":{"line":18,"column":21}},"loc":{"start":{"line":18,"column":37},"end":{"line":23,"column":1}},"line":18},"3":{"name":"maskString","decl":{"start":{"line":25,"column":9},"end":{"line":25,"column":19}},"loc":{"start":{"line":25,"column":35},"end":{"line":28,"column":1}},"line":25}},"branchMap":{},"s":{"0":0,"1":0,"2":0,"3":0,"4":0,"5":0,"6":0,"7":0,"8":0,"9":0,"10":0,"11":0,"12":0,"13":0},"f":{"0":0,"1":0,"2":0,"3":0},"b":{},"_coverageSchema":"1a1c01bbd47fc00a2c39e90264f33305004495a9","hash":"ef0cc153f016ed59b5ba3e9b89d365fcf3bd5c00"}
}
