{"D:\\Trabalho\\TIVIT\\testefrontendsp\\App.tsx": {"path":"D:\\Trabalho\\TIVIT\\testefrontendsp\\App.tsx","statementMap":{"0":{"start":{"line":6,"column":12},"end":{"line":10,"column":1}},"1":{"start":{"line":7,"column":2},"end":{"line":9,"column":4}}},"fnMap":{"0":{"name":"(anonymous_0)","decl":{"start":{"line":6,"column":12},"end":{"line":6,"column":13}},"loc":{"start":{"line":6,"column":18},"end":{"line":10,"column":1}},"line":6}},"branchMap":{},"s":{"0":1,"1":1},"f":{"0":1},"b":{},"_coverageSchema":"1a1c01bbd47fc00a2c39e90264f33305004495a9","hash":"e2d613f0a0f1ebc25cd51c6371debbade4a3687d"}
,"D:\\Trabalho\\TIVIT\\testefrontendsp\\assetsTransformer.js": {"path":"D:\\Trabalho\\TIVIT\\testefrontendsp\\assetsTransformer.js","statementMap":{"0":{"start":{"line":1,"column":13},"end":{"line":1,"column":28}},"1":{"start":{"line":3,"column":0},"end":{"line":7,"column":2}},"2":{"start":{"line":5,"column":4},"end":{"line":5,"column":79}}},"fnMap":{"0":{"name":"(anonymous_0)","decl":{"start":{"line":4,"column":2},"end":{"line":4,"column":3}},"loc":{"start":{"line":4,"column":42},"end":{"line":6,"column":3}},"line":4}},"branchMap":{},"s":{"0":1,"1":1,"2":0},"f":{"0":0},"b":{},"_coverageSchema":"1a1c01bbd47fc00a2c39e90264f33305004495a9","hash":"cdb598b0ca21ce5c629fa14ced7aa9e003e48fdb"}
,"D:\\Trabalho\\TIVIT\\testefrontendsp\\src\\assets\\imagens\\icons\\carrinho.tsx": {"path":"D:\\Trabalho\\TIVIT\\testefrontendsp\\src\\assets\\imagens\\icons\\carrinho.tsx","statementMap":{"0":{"start":{"line":5,"column":17},"end":{"line":24,"column":1}},"1":{"start":{"line":6,"column":2},"end":{"line":23,"column":4}}},"fnMap":{"0":{"name":"(anonymous_0)","decl":{"start":{"line":5,"column":17},"end":{"line":5,"column":18}},"loc":{"start":{"line":5,"column":23},"end":{"line":24,"column":1}},"line":5}},"branchMap":{},"s":{"0":1,"1":2},"f":{"0":2},"b":{},"_coverageSchema":"1a1c01bbd47fc00a2c39e90264f33305004495a9","hash":"e78b411b36ab6a50e5730291d6adb569b30b3acd"}
,"D:\\Trabalho\\TIVIT\\testefrontendsp\\src\\assets\\imagens\\icons\\check.tsx": {"path":"D:\\Trabalho\\TIVIT\\testefrontendsp\\src\\assets\\imagens\\icons\\check.tsx","statementMap":{"0":{"start":{"line":4,"column":14},"end":{"line":20,"column":1}},"1":{"start":{"line":5,"column":2},"end":{"line":19,"column":4}}},"fnMap":{"0":{"name":"(anonymous_0)","decl":{"start":{"line":4,"column":14},"end":{"line":4,"column":15}},"loc":{"start":{"line":4,"column":20},"end":{"line":20,"column":1}},"line":4}},"branchMap":{},"s":{"0":1,"1":0},"f":{"0":0},"b":{},"_coverageSchema":"1a1c01bbd47fc00a2c39e90264f33305004495a9","hash":"23a04f0ae729ea21222841b7f67a8b4f9c5ae24a"}
,"D:\\Trabalho\\TIVIT\\testefrontendsp\\src\\assets\\imagens\\icons\\chevron.tsx": {"path":"D:\\Trabalho\\TIVIT\\testefrontendsp\\src\\assets\\imagens\\icons\\chevron.tsx","statementMap":{"0":{"start":{"line":6,"column":16},"end":{"line":31,"column":1}},"1":{"start":{"line":7,"column":21},"end":{"line":7,"column":36}},"2":{"start":{"line":10,"column":4},"end":{"line":10,"column":32}},"3":{"start":{"line":13,"column":2},"end":{"line":30,"column":4}}},"fnMap":{"0":{"name":"(anonymous_0)","decl":{"start":{"line":6,"column":16},"end":{"line":6,"column":17}},"loc":{"start":{"line":6,"column":22},"end":{"line":31,"column":1}},"line":6},"1":{"name":"handleNavigateToGoPage","decl":{"start":{"line":9,"column":11},"end":{"line":9,"column":33}},"loc":{"start":{"line":9,"column":36},"end":{"line":11,"column":3}},"line":9}},"branchMap":{},"s":{"0":1,"1":0,"2":0,"3":0},"f":{"0":0,"1":0},"b":{},"_coverageSchema":"1a1c01bbd47fc00a2c39e90264f33305004495a9","hash":"a572d73f6652e96cdfeaf00e014a6d76ca4b7784"}
,"D:\\Trabalho\\TIVIT\\testefrontendsp\\src\\pages\\Loja\\index.tsx": {"path":"D:\\Trabalho\\TIVIT\\testefrontendsp\\src\\pages\\Loja\\index.tsx","statementMap":{"0":{"start":{"line":12,"column":21},"end":{"line":12,"column":51}},"1":{"start":{"line":13,"column":19},"end":{"line":13,"column":49}},"2":{"start":{"line":15,"column":13},"end":{"line":106,"column":1}},"3":{"start":{"line":16,"column":21},"end":{"line":16,"column":36}},"4":{"start":{"line":17,"column":40},"end":{"line":17,"column":51}},"5":{"start":{"line":18,"column":34},"end":{"line":18,"column":46}},"6":{"start":{"line":20,"column":2},"end":{"line":24,"column":4}},"7":{"start":{"line":21,"column":4},"end":{"line":23,"column":6}},"8":{"start":{"line":22,"column":6},"end":{"line":22,"column":33}},"9":{"start":{"line":27,"column":4},"end":{"line":27,"column":52}},"10":{"start":{"line":31,"column":15},"end":{"line":31,"column":25}},"11":{"start":{"line":32,"column":4},"end":{"line":68,"column":6}},"12":{"start":{"line":61,"column":27},"end":{"line":61,"column":68}},"13":{"start":{"line":71,"column":2},"end":{"line":105,"column":4}},"14":{"start":{"line":87,"column":43},"end":{"line":87,"column":64}}},"fnMap":{"0":{"name":"(anonymous_0)","decl":{"start":{"line":15,"column":13},"end":{"line":15,"column":14}},"loc":{"start":{"line":15,"column":19},"end":{"line":106,"column":1}},"line":15},"1":{"name":"(anonymous_1)","decl":{"start":{"line":20,"column":12},"end":{"line":20,"column":13}},"loc":{"start":{"line":20,"column":17},"end":{"line":24,"column":3}},"line":20},"2":{"name":"(anonymous_2)","decl":{"start":{"line":21,"column":36},"end":{"line":21,"column":37}},"loc":{"start":{"line":21,"column":48},"end":{"line":23,"column":5}},"line":21},"3":{"name":"handleNavigateToPagamentoPage","decl":{"start":{"line":26,"column":11},"end":{"line":26,"column":40}},"loc":{"start":{"line":26,"column":52},"end":{"line":28,"column":3}},"line":26},"4":{"name":"_renderItem","decl":{"start":{"line":30,"column":11},"end":{"line":30,"column":22}},"loc":{"start":{"line":30,"column":35},"end":{"line":69,"column":3}},"line":30},"5":{"name":"(anonymous_5)","decl":{"start":{"line":61,"column":21},"end":{"line":61,"column":22}},"loc":{"start":{"line":61,"column":27},"end":{"line":61,"column":68}},"line":61},"6":{"name":"(anonymous_6)","decl":{"start":{"line":87,"column":24},"end":{"line":87,"column":25}},"loc":{"start":{"line":87,"column":43},"end":{"line":87,"column":64}},"line":87}},"branchMap":{},"s":{"0":1,"1":1,"2":1,"3":1,"4":1,"5":1,"6":1,"7":1,"8":0,"9":0,"10":0,"11":0,"12":0,"13":1,"14":0},"f":{"0":1,"1":1,"2":0,"3":0,"4":0,"5":0,"6":0},"b":{},"_coverageSchema":"1a1c01bbd47fc00a2c39e90264f33305004495a9","hash":"df67145abbd16cb57567193246121254a0eccd97"}
,"D:\\Trabalho\\TIVIT\\testefrontendsp\\src\\pages\\Loja\\styles.ts": {"path":"D:\\Trabalho\\TIVIT\\testefrontendsp\\src\\pages\\Loja\\styles.ts","statementMap":{"0":{"start":{"line":3,"column":15},"end":{"line":89,"column":2}}},"fnMap":{},"branchMap":{},"s":{"0":1},"f":{},"b":{},"_coverageSchema":"1a1c01bbd47fc00a2c39e90264f33305004495a9","hash":"589332b433348a60ac4cf7a42b0baace04f4a07e"}
,"D:\\Trabalho\\TIVIT\\testefrontendsp\\src\\pages\\Pagamento\\index.tsx": {"path":"D:\\Trabalho\\TIVIT\\testefrontendsp\\src\\pages\\Pagamento\\index.tsx","statementMap":{"0":{"start":{"line":10,"column":18},"end":{"line":118,"column":1}},"1":{"start":{"line":11,"column":21},"end":{"line":11,"column":36}},"2":{"start":{"line":12,"column":16},"end":{"line":12,"column":26}},"3":{"start":{"line":14,"column":26},"end":{"line":14,"column":38}},"4":{"start":{"line":15,"column":30},"end":{"line":15,"column":42}},"5":{"start":{"line":16,"column":24},"end":{"line":16,"column":36}},"6":{"start":{"line":17,"column":34},"end":{"line":17,"column":46}},"7":{"start":{"line":18,"column":28},"end":{"line":18,"column":47}},"8":{"start":{"line":19,"column":48},"end":{"line":19,"column":68}},"9":{"start":{"line":20,"column":44},"end":{"line":20,"column":56}},"10":{"start":{"line":21,"column":28},"end":{"line":21,"column":40}},"11":{"start":{"line":23,"column":2},"end":{"line":25,"column":9}},"12":{"start":{"line":24,"column":4},"end":{"line":24,"column":26}},"13":{"start":{"line":28,"column":4},"end":{"line":28,"column":46}},"14":{"start":{"line":32,"column":16},"end":{"line":32,"column":34}},"15":{"start":{"line":33,"column":23},"end":{"line":33,"column":52}},"16":{"start":{"line":34,"column":4},"end":{"line":34,"column":27}},"17":{"start":{"line":35,"column":16},"end":{"line":35,"column":39}},"18":{"start":{"line":36,"column":4},"end":{"line":36,"column":24}},"19":{"start":{"line":37,"column":23},"end":{"line":37,"column":52}},"20":{"start":{"line":38,"column":4},"end":{"line":38,"column":35}},"21":{"start":{"line":39,"column":16},"end":{"line":39,"column":29}},"22":{"start":{"line":40,"column":23},"end":{"line":40,"column":52}},"23":{"start":{"line":41,"column":4},"end":{"line":41,"column":27}},"24":{"start":{"line":44,"column":2},"end":{"line":117,"column":4}},"25":{"start":{"line":62,"column":45},"end":{"line":62,"column":60}},"26":{"start":{"line":68,"column":45},"end":{"line":68,"column":58}},"27":{"start":{"line":76,"column":49},"end":{"line":76,"column":66}},"28":{"start":{"line":84,"column":49},"end":{"line":84,"column":61}}},"fnMap":{"0":{"name":"(anonymous_0)","decl":{"start":{"line":10,"column":18},"end":{"line":10,"column":19}},"loc":{"start":{"line":10,"column":24},"end":{"line":118,"column":1}},"line":10},"1":{"name":"(anonymous_1)","decl":{"start":{"line":23,"column":12},"end":{"line":23,"column":13}},"loc":{"start":{"line":23,"column":18},"end":{"line":25,"column":3}},"line":23},"2":{"name":"handleNavigateToPagamentoPage","decl":{"start":{"line":27,"column":11},"end":{"line":27,"column":40}},"loc":{"start":{"line":27,"column":43},"end":{"line":29,"column":3}},"line":27},"3":{"name":"discountCalculation","decl":{"start":{"line":31,"column":11},"end":{"line":31,"column":30}},"loc":{"start":{"line":31,"column":33},"end":{"line":42,"column":3}},"line":31},"4":{"name":"(anonymous_4)","decl":{"start":{"line":62,"column":27},"end":{"line":62,"column":28}},"loc":{"start":{"line":62,"column":45},"end":{"line":62,"column":60}},"line":62},"5":{"name":"(anonymous_5)","decl":{"start":{"line":68,"column":27},"end":{"line":68,"column":28}},"loc":{"start":{"line":68,"column":45},"end":{"line":68,"column":58}},"line":68},"6":{"name":"(anonymous_6)","decl":{"start":{"line":76,"column":31},"end":{"line":76,"column":32}},"loc":{"start":{"line":76,"column":49},"end":{"line":76,"column":66}},"line":76},"7":{"name":"(anonymous_7)","decl":{"start":{"line":84,"column":31},"end":{"line":84,"column":32}},"loc":{"start":{"line":84,"column":49},"end":{"line":84,"column":61}},"line":84}},"branchMap":{},"s":{"0":1,"1":0,"2":0,"3":0,"4":0,"5":0,"6":0,"7":0,"8":0,"9":0,"10":0,"11":0,"12":0,"13":0,"14":0,"15":0,"16":0,"17":0,"18":0,"19":0,"20":0,"21":0,"22":0,"23":0,"24":0,"25":0,"26":0,"27":0,"28":0},"f":{"0":0,"1":0,"2":0,"3":0,"4":0,"5":0,"6":0,"7":0},"b":{},"_coverageSchema":"1a1c01bbd47fc00a2c39e90264f33305004495a9","hash":"a38953eca06886df2c3531f08d390389f0157ff5"}
,"D:\\Trabalho\\TIVIT\\testefrontendsp\\src\\pages\\Pagamento\\style.ts": {"path":"D:\\Trabalho\\TIVIT\\testefrontendsp\\src\\pages\\Pagamento\\style.ts","statementMap":{"0":{"start":{"line":3,"column":15},"end":{"line":50,"column":2}}},"fnMap":{},"branchMap":{},"s":{"0":1},"f":{},"b":{},"_coverageSchema":"1a1c01bbd47fc00a2c39e90264f33305004495a9","hash":"cb470867abcdcf409d3fd400daa76f03aabe55c7"}
,"D:\\Trabalho\\TIVIT\\testefrontendsp\\src\\pages\\PamentoConcluido\\index.tsx": {"path":"D:\\Trabalho\\TIVIT\\testefrontendsp\\src\\pages\\PamentoConcluido\\index.tsx","statementMap":{"0":{"start":{"line":9,"column":24},"end":{"line":9,"column":48}},"1":{"start":{"line":10,"column":19},"end":{"line":10,"column":29}},"2":{"start":{"line":11,"column":20},"end":{"line":11,"column":30}},"3":{"start":{"line":13,"column":27},"end":{"line":57,"column":1}},"4":{"start":{"line":14,"column":21},"end":{"line":14,"column":36}},"5":{"start":{"line":17,"column":4},"end":{"line":17,"column":32}},"6":{"start":{"line":20,"column":2},"end":{"line":56,"column":4}}},"fnMap":{"0":{"name":"(anonymous_0)","decl":{"start":{"line":13,"column":27},"end":{"line":13,"column":28}},"loc":{"start":{"line":13,"column":33},"end":{"line":57,"column":1}},"line":13},"1":{"name":"handleNavigateToPagamentoPage","decl":{"start":{"line":16,"column":11},"end":{"line":16,"column":40}},"loc":{"start":{"line":16,"column":43},"end":{"line":18,"column":3}},"line":16}},"branchMap":{},"s":{"0":1,"1":1,"2":1,"3":1,"4":0,"5":0,"6":0},"f":{"0":0,"1":0},"b":{},"_coverageSchema":"1a1c01bbd47fc00a2c39e90264f33305004495a9","hash":"07b32a4daef6feee0290404b6c3a8370edf7482f"}
,"D:\\Trabalho\\TIVIT\\testefrontendsp\\src\\pages\\PamentoConcluido\\style.ts": {"path":"D:\\Trabalho\\TIVIT\\testefrontendsp\\src\\pages\\PamentoConcluido\\style.ts","statementMap":{"0":{"start":{"line":3,"column":15},"end":{"line":35,"column":2}}},"fnMap":{},"branchMap":{},"s":{"0":1},"f":{},"b":{},"_coverageSchema":"1a1c01bbd47fc00a2c39e90264f33305004495a9","hash":"52b89399ead803787e411dd23dfbe5e05a9bc256"}
,"D:\\Trabalho\\TIVIT\\testefrontendsp\\src\\pages\\components\\Input\\index.tsx": {"path":"D:\\Trabalho\\TIVIT\\testefrontendsp\\src\\pages\\components\\Input\\index.tsx","statementMap":{"0":{"start":{"line":18,"column":36},"end":{"line":55,"column":1}},"1":{"start":{"line":20,"column":4},"end":{"line":23,"column":5}},"2":{"start":{"line":21,"column":20},"end":{"line":21,"column":43}},"3":{"start":{"line":22,"column":6},"end":{"line":22,"column":29}},"4":{"start":{"line":24,"column":4},"end":{"line":27,"column":5}},"5":{"start":{"line":25,"column":20},"end":{"line":25,"column":33}},"6":{"start":{"line":26,"column":6},"end":{"line":26,"column":29}},"7":{"start":{"line":28,"column":4},"end":{"line":31,"column":5}},"8":{"start":{"line":29,"column":20},"end":{"line":29,"column":36}},"9":{"start":{"line":30,"column":6},"end":{"line":30,"column":29}},"10":{"start":{"line":32,"column":4},"end":{"line":35,"column":5}},"11":{"start":{"line":33,"column":20},"end":{"line":33,"column":38}},"12":{"start":{"line":34,"column":6},"end":{"line":34,"column":29}},"13":{"start":{"line":38,"column":2},"end":{"line":54,"column":4}},"14":{"start":{"line":41,"column":37},"end":{"line":41,"column":55}},"15":{"start":{"line":59,"column":15},"end":{"line":63,"column":2}}},"fnMap":{"0":{"name":"(anonymous_0)","decl":{"start":{"line":18,"column":36},"end":{"line":18,"column":37}},"loc":{"start":{"line":18,"column":74},"end":{"line":55,"column":1}},"line":18},"1":{"name":"handleChange","decl":{"start":{"line":19,"column":11},"end":{"line":19,"column":23}},"loc":{"start":{"line":19,"column":38},"end":{"line":36,"column":3}},"line":19},"2":{"name":"(anonymous_2)","decl":{"start":{"line":41,"column":22},"end":{"line":41,"column":23}},"loc":{"start":{"line":41,"column":37},"end":{"line":41,"column":55}},"line":41}},"branchMap":{"0":{"loc":{"start":{"line":20,"column":4},"end":{"line":23,"column":5}},"type":"if","locations":[{"start":{"line":20,"column":4},"end":{"line":23,"column":5}},{"start":{"line":20,"column":4},"end":{"line":23,"column":5}}],"line":20},"1":{"loc":{"start":{"line":24,"column":4},"end":{"line":27,"column":5}},"type":"if","locations":[{"start":{"line":24,"column":4},"end":{"line":27,"column":5}},{"start":{"line":24,"column":4},"end":{"line":27,"column":5}}],"line":24},"2":{"loc":{"start":{"line":28,"column":4},"end":{"line":31,"column":5}},"type":"if","locations":[{"start":{"line":28,"column":4},"end":{"line":31,"column":5}},{"start":{"line":28,"column":4},"end":{"line":31,"column":5}}],"line":28},"3":{"loc":{"start":{"line":32,"column":4},"end":{"line":35,"column":5}},"type":"if","locations":[{"start":{"line":32,"column":4},"end":{"line":35,"column":5}},{"start":{"line":32,"column":4},"end":{"line":35,"column":5}}],"line":32}},"s":{"0":1,"1":0,"2":0,"3":0,"4":0,"5":0,"6":0,"7":0,"8":0,"9":0,"10":0,"11":0,"12":0,"13":0,"14":0,"15":1},"f":{"0":0,"1":0,"2":0},"b":{"0":[0,0],"1":[0,0],"2":[0,0],"3":[0,0]},"_coverageSchema":"1a1c01bbd47fc00a2c39e90264f33305004495a9","hash":"c1722ff0e73cd7f654dde6b68050404169de0d2f"}
,"D:\\Trabalho\\TIVIT\\testefrontendsp\\src\\pages\\components\\cartaoDigito\\index.tsx": {"path":"D:\\Trabalho\\TIVIT\\testefrontendsp\\src\\pages\\components\\cartaoDigito\\index.tsx","statementMap":{"0":{"start":{"line":8,"column":43},"end":{"line":84,"column":1}},"1":{"start":{"line":14,"column":27},"end":{"line":17,"column":3}},"2":{"start":{"line":18,"column":25},"end":{"line":21,"column":3}},"3":{"start":{"line":22,"column":17},"end":{"line":22,"column":41}},"4":{"start":{"line":23,"column":2},"end":{"line":83,"column":4}},"5":{"start":{"line":88,"column":15},"end":{"line":102,"column":2}}},"fnMap":{"0":{"name":"(anonymous_0)","decl":{"start":{"line":8,"column":43},"end":{"line":8,"column":44}},"loc":{"start":{"line":13,"column":6},"end":{"line":84,"column":1}},"line":13}},"branchMap":{"0":{"loc":{"start":{"line":51,"column":12},"end":{"line":53,"column":50}},"type":"cond-expr","locations":[{"start":{"line":52,"column":16},"end":{"line":52,"column":54}},{"start":{"line":53,"column":16},"end":{"line":53,"column":50}}],"line":51},"1":{"loc":{"start":{"line":59,"column":12},"end":{"line":61,"column":50}},"type":"cond-expr","locations":[{"start":{"line":60,"column":16},"end":{"line":60,"column":54}},{"start":{"line":61,"column":16},"end":{"line":61,"column":50}}],"line":59},"2":{"loc":{"start":{"line":67,"column":12},"end":{"line":69,"column":50}},"type":"cond-expr","locations":[{"start":{"line":68,"column":16},"end":{"line":68,"column":54}},{"start":{"line":69,"column":16},"end":{"line":69,"column":50}}],"line":67},"3":{"loc":{"start":{"line":75,"column":12},"end":{"line":77,"column":50}},"type":"cond-expr","locations":[{"start":{"line":76,"column":16},"end":{"line":76,"column":54}},{"start":{"line":77,"column":16},"end":{"line":77,"column":50}}],"line":75}},"s":{"0":1,"1":0,"2":0,"3":0,"4":0,"5":1},"f":{"0":0},"b":{"0":[0,0],"1":[0,0],"2":[0,0],"3":[0,0]},"_coverageSchema":"1a1c01bbd47fc00a2c39e90264f33305004495a9","hash":"fb372036b637d2596ce3c6965e1f80d844388a2b"}
,"D:\\Trabalho\\TIVIT\\testefrontendsp\\src\\pages\\components\\drawingCartao\\index.tsx": {"path":"D:\\Trabalho\\TIVIT\\testefrontendsp\\src\\pages\\components\\drawingCartao\\index.tsx","statementMap":{"0":{"start":{"line":6,"column":24},"end":{"line":6,"column":48}},"1":{"start":{"line":7,"column":19},"end":{"line":7,"column":29}},"2":{"start":{"line":16,"column":44},"end":{"line":89,"column":1}},"3":{"start":{"line":17,"column":2},"end":{"line":88,"column":4}}},"fnMap":{"0":{"name":"(anonymous_0)","decl":{"start":{"line":16,"column":44},"end":{"line":16,"column":45}},"loc":{"start":{"line":16,"column":79},"end":{"line":89,"column":1}},"line":16}},"branchMap":{},"s":{"0":1,"1":1,"2":1,"3":0},"f":{"0":0},"b":{},"_coverageSchema":"1a1c01bbd47fc00a2c39e90264f33305004495a9","hash":"02f5927bac4fdc4d9a8b13d1c12de12a198ec0d8"}
,"D:\\Trabalho\\TIVIT\\testefrontendsp\\src\\pages\\components\\drawingCartao\\style.ts": {"path":"D:\\Trabalho\\TIVIT\\testefrontendsp\\src\\pages\\components\\drawingCartao\\style.ts","statementMap":{"0":{"start":{"line":3,"column":15},"end":{"line":42,"column":2}}},"fnMap":{},"branchMap":{},"s":{"0":1},"f":{},"b":{},"_coverageSchema":"1a1c01bbd47fc00a2c39e90264f33305004495a9","hash":"6007125b3d836fcf7978fc9a49d95893c13f6c77"}
,"D:\\Trabalho\\TIVIT\\testefrontendsp\\src\\routes\\AppStack.tsx": {"path":"D:\\Trabalho\\TIVIT\\testefrontendsp\\src\\routes\\AppStack.tsx","statementMap":{"0":{"start":{"line":12,"column":28},"end":{"line":12,"column":50}},"1":{"start":{"line":15,"column":2},"end":{"line":77,"column":4}},"2":{"start":{"line":33,"column":31},"end":{"line":33,"column":43}},"3":{"start":{"line":52,"column":31},"end":{"line":52,"column":43}},"4":{"start":{"line":53,"column":30},"end":{"line":53,"column":41}},"5":{"start":{"line":71,"column":31},"end":{"line":71,"column":43}},"6":{"start":{"line":72,"column":30},"end":{"line":72,"column":41}}},"fnMap":{"0":{"name":"AppStack","decl":{"start":{"line":14,"column":24},"end":{"line":14,"column":32}},"loc":{"start":{"line":14,"column":35},"end":{"line":78,"column":1}},"line":14},"1":{"name":"(anonymous_1)","decl":{"start":{"line":33,"column":25},"end":{"line":33,"column":26}},"loc":{"start":{"line":33,"column":31},"end":{"line":33,"column":43}},"line":33},"2":{"name":"(anonymous_2)","decl":{"start":{"line":52,"column":25},"end":{"line":52,"column":26}},"loc":{"start":{"line":52,"column":31},"end":{"line":52,"column":43}},"line":52},"3":{"name":"(anonymous_3)","decl":{"start":{"line":53,"column":24},"end":{"line":53,"column":25}},"loc":{"start":{"line":53,"column":30},"end":{"line":53,"column":41}},"line":53},"4":{"name":"(anonymous_4)","decl":{"start":{"line":71,"column":25},"end":{"line":71,"column":26}},"loc":{"start":{"line":71,"column":31},"end":{"line":71,"column":43}},"line":71},"5":{"name":"(anonymous_5)","decl":{"start":{"line":72,"column":24},"end":{"line":72,"column":25}},"loc":{"start":{"line":72,"column":30},"end":{"line":72,"column":41}},"line":72}},"branchMap":{},"s":{"0":1,"1":1,"2":2,"3":0,"4":0,"5":0,"6":0},"f":{"0":1,"1":2,"2":0,"3":0,"4":0,"5":0},"b":{},"_coverageSchema":"1a1c01bbd47fc00a2c39e90264f33305004495a9","hash":"3f6f12eb0d4b2fa242f570775321221abd3f3cbc"}
,"D:\\Trabalho\\TIVIT\\testefrontendsp\\src\\routes\\wrapper.tsx": {"path":"D:\\Trabalho\\TIVIT\\testefrontendsp\\src\\routes\\wrapper.tsx","statementMap":{"0":{"start":{"line":6,"column":20},"end":{"line":6,"column":34}},"1":{"start":{"line":8,"column":2},"end":{"line":8,"column":53}}},"fnMap":{"0":{"name":"FocusAwareStatusBar","decl":{"start":{"line":5,"column":16},"end":{"line":5,"column":35}},"loc":{"start":{"line":5,"column":43},"end":{"line":9,"column":1}},"line":5}},"branchMap":{"0":{"loc":{"start":{"line":8,"column":9},"end":{"line":8,"column":52}},"type":"cond-expr","locations":[{"start":{"line":8,"column":21},"end":{"line":8,"column":45}},{"start":{"line":8,"column":48},"end":{"line":8,"column":52}}],"line":8}},"s":{"0":1,"1":1},"f":{"0":1},"b":{"0":[1,0]},"_coverageSchema":"1a1c01bbd47fc00a2c39e90264f33305004495a9","hash":"1541324a8503582846365744e53aaa77b781b67b"}
,"D:\\Trabalho\\TIVIT\\testefrontendsp\\src\\services\\api.js": {"path":"D:\\Trabalho\\TIVIT\\testefrontendsp\\src\\services\\api.js","statementMap":{"0":{"start":{"line":3,"column":12},"end":{"line":5,"column":2}}},"fnMap":{},"branchMap":{},"s":{"0":1},"f":{},"b":{},"_coverageSchema":"1a1c01bbd47fc00a2c39e90264f33305004495a9","hash":"bf7fdc234a631743d920fe16cc8796254088dd56"}
,"D:\\Trabalho\\TIVIT\\testefrontendsp\\src\\utils\\masks.ts": {"path":"D:\\Trabalho\\TIVIT\\testefrontendsp\\src\\utils\\masks.ts","statementMap":{"0":{"start":{"line":4,"column":2},"end":{"line":4,"column":35}},"1":{"start":{"line":5,"column":2},"end":{"line":5,"column":43}},"2":{"start":{"line":6,"column":2},"end":{"line":6,"column":35}},"3":{"start":{"line":7,"column":2},"end":{"line":7,"column":33}},"4":{"start":{"line":9,"column":2},"end":{"line":9,"column":15}},"5":{"start":{"line":13,"column":2},"end":{"line":13,"column":35}},"6":{"start":{"line":14,"column":2},"end":{"line":14,"column":32}},"7":{"start":{"line":15,"column":2},"end":{"line":15,"column":15}},"8":{"start":{"line":19,"column":2},"end":{"line":19,"column":35}},"9":{"start":{"line":20,"column":2},"end":{"line":20,"column":52}},"10":{"start":{"line":21,"column":2},"end":{"line":21,"column":32}},"11":{"start":{"line":22,"column":2},"end":{"line":22,"column":15}},"12":{"start":{"line":26,"column":2},"end":{"line":26,"column":33}},"13":{"start":{"line":27,"column":2},"end":{"line":27,"column":15}}},"fnMap":{"0":{"name":"maskCartaoCredito","decl":{"start":{"line":3,"column":9},"end":{"line":3,"column":26}},"loc":{"start":{"line":3,"column":42},"end":{"line":10,"column":1}},"line":3},"1":{"name":"maskCvv","decl":{"start":{"line":12,"column":9},"end":{"line":12,"column":16}},"loc":{"start":{"line":12,"column":32},"end":{"line":16,"column":1}},"line":12},"2":{"name":"maskValidade","decl":{"start":{"line":18,"column":9},"end":{"line":18,"column":21}},"loc":{"start":{"line":18,"column":37},"end":{"line":23,"column":1}},"line":18},"3":{"name":"maskString","decl":{"start":{"line":25,"column":9},"end":{"line":25,"column":19}},"loc":{"start":{"line":25,"column":35},"end":{"line":28,"column":1}},"line":25}},"branchMap":{},"s":{"0":0,"1":0,"2":0,"3":0,"4":0,"5":0,"6":0,"7":0,"8":0,"9":0,"10":0,"11":0,"12":0,"13":0},"f":{"0":0,"1":0,"2":0,"3":0},"b":{},"_coverageSchema":"1a1c01bbd47fc00a2c39e90264f33305004495a9","hash":"ef0cc153f016ed59b5ba3e9b89d365fcf3bd5c00"}
}
