TN:
SF:App.tsx
FN:9,(anonymous_0)
FNF:1
FNH:1
FNDA:1,(anonymous_0)
DA:9,1
DA:10,1
LF:2
LH:2
BRF:0
BRH:0
end_of_record
TN:
SF:assetsTransformer.js
FN:4,(anonymous_0)
FNF:1
FNH:0
FNDA:0,(anonymous_0)
DA:1,1
DA:3,1
DA:5,0
LF:3
LH:2
BRF:0
BRH:0
end_of_record
TN:
SF:src\assets\imagens\icons\carrinho.tsx
FN:5,(anonymous_0)
FNF:1
FNH:1
FNDA:2,(anonymous_0)
DA:5,1
DA:6,2
LF:2
LH:2
BRF:0
BRH:0
end_of_record
TN:
SF:src\assets\imagens\icons\check.tsx
FN:4,(anonymous_0)
FNF:1
FNH:0
FNDA:0,(anonymous_0)
DA:4,1
DA:5,0
LF:2
LH:1
BRF:0
BRH:0
end_of_record
TN:
SF:src\assets\imagens\icons\chevron.tsx
FN:6,(anonymous_0)
FN:9,handleNavigateToGoPage
FNF:2
FNH:0
FNDA:0,(anonymous_0)
FNDA:0,handleNavigateToGoPage
DA:6,1
DA:7,0
DA:10,0
DA:13,0
LF:4
LH:1
BRF:0
BRH:0
end_of_record
TN:
SF:src\pages\Loja\index.tsx
FN:31,(anonymous_0)
FN:37,(anonymous_1)
FN:41,handleNavigateToPagamentoPage
FN:45,_renderItem
FN:69,(anonymous_4)
FN:90,(anonymous_5)
FN:94,(anonymous_6)
FNF:7
FNH:4
FNDA:1,(anonymous_0)
FNDA:1,(anonymous_1)
FNDA:0,handleNavigateToPagamentoPage
FNDA:0,_renderItem
FNDA:0,(anonymous_4)
FNDA:2,(anonymous_5)
FNDA:1,(anonymous_6)
DA:17,1
DA:18,1
DA:31,1
DA:32,1
DA:33,1
DA:34,1
DA:35,1
DA:37,1
DA:38,1
DA:42,0
DA:46,0
DA:53,1
DA:69,0
DA:90,2
DA:94,1
LF:15
LH:12
BRF:0
BRH:0
end_of_record
TN:
SF:src\pages\Loja\styles.ts
FNF:0
FNH:0
DA:3,1
LF:1
LH:1
BRF:0
BRH:0
end_of_record
TN:
SF:src\pages\Pagamento\index.tsx
FN:10,(anonymous_0)
FN:24,(anonymous_1)
FN:28,handleNavigateToPagamentoPage
FN:32,discountCalculation
FN:64,(anonymous_4)
FN:71,(anonymous_5)
FN:80,(anonymous_6)
FN:89,(anonymous_7)
FNF:8
FNH:0
FNDA:0,(anonymous_0)
FNDA:0,(anonymous_1)
FNDA:0,handleNavigateToPagamentoPage
FNDA:0,discountCalculation
FNDA:0,(anonymous_4)
FNDA:0,(anonymous_5)
FNDA:0,(anonymous_6)
FNDA:0,(anonymous_7)
DA:10,1
DA:11,0
DA:12,0
DA:14,0
DA:15,0
DA:16,0
DA:17,0
DA:19,0
DA:20,0
DA:21,0
DA:22,0
DA:24,0
DA:25,0
DA:29,0
DA:34,0
DA:35,0
DA:37,0
DA:38,0
DA:39,0
DA:41,0
DA:42,0
DA:45,0
DA:64,0
DA:71,0
DA:80,0
DA:89,0
LF:26
LH:1
BRF:0
BRH:0
end_of_record
TN:
SF:src\pages\Pagamento\style.ts
FNF:0
FNH:0
DA:3,1
LF:1
LH:1
BRF:0
BRH:0
end_of_record
TN:
SF:src\pages\PamentoConcluido\index.tsx
FN:9,(anonymous_0)
FN:12,handleNavigateToPagamentoPage
FNF:2
FNH:0
FNDA:0,(anonymous_0)
FNDA:0,handleNavigateToPagamentoPage
DA:9,1
DA:10,0
DA:13,0
DA:16,0
LF:4
LH:1
BRF:0
BRH:0
end_of_record
TN:
SF:src\pages\PamentoConcluido\style.ts
FNF:0
FNH:0
DA:3,1
LF:1
LH:1
BRF:0
BRH:0
end_of_record
TN:
SF:src\pages\components\Input\index.tsx
FN:17,(anonymous_0)
FN:22,handleChange
FN:42,handleFocus
FN:47,handleBlur
FN:62,(anonymous_4)
FNF:5
FNH:0
FNDA:0,(anonymous_0)
FNDA:0,handleChange
FNDA:0,handleFocus
FNDA:0,handleBlur
FNDA:0,(anonymous_4)
DA:17,1
DA:20,0
DA:24,0
DA:25,0
DA:26,0
DA:28,0
DA:29,0
DA:30,0
DA:32,0
DA:33,0
DA:34,0
DA:36,0
DA:37,0
DA:38,0
DA:44,0
DA:48,0
DA:49,0
DA:50,0
DA:51,0
DA:52,0
DA:56,0
DA:62,0
LF:22
LH:1
BRDA:24,0,0,0
BRDA:24,0,1,0
BRDA:28,1,0,0
BRDA:28,1,1,0
BRDA:32,2,0,0
BRDA:32,2,1,0
BRDA:36,3,0,0
BRDA:36,3,1,0
BRDA:49,4,0,0
BRDA:49,4,1,0
BRDA:51,5,0,0
BRDA:51,5,1,0
BRDA:72,6,0,0
BRDA:72,6,1,0
BRDA:73,7,0,0
BRDA:73,7,1,0
BRF:16
BRH:0
end_of_record
TN:
SF:src\pages\components\Input\styles.ts
FNF:0
FNH:0
DA:3,1
LF:1
LH:1
BRF:0
BRH:0
end_of_record
TN:
SF:src\pages\components\card\index.tsx
FN:23,(anonymous_0)
FN:28,handleNavigateToPagamentoPage
FN:57,(anonymous_2)
FNF:3
FNH:0
FNDA:0,(anonymous_0)
FNDA:0,handleNavigateToPagamentoPage
FNDA:0,(anonymous_2)
DA:23,1
DA:25,0
DA:26,0
DA:29,0
DA:32,0
DA:57,0
LF:6
LH:1
BRF:0
BRH:0
end_of_record
TN:
SF:src\pages\components\card\styles.ts
FNF:0
FNH:0
DA:3,1
LF:1
LH:1
BRF:0
BRH:0
end_of_record
TN:
SF:src\pages\components\cartaoDigito\index.tsx
FN:4,(anonymous_0)
FNF:1
FNH:0
FNDA:0,(anonymous_0)
DA:4,1
DA:10,0
DA:14,0
DA:18,0
DA:19,0
DA:84,1
LF:6
LH:2
BRDA:47,0,0,0
BRDA:47,0,1,0
BRDA:55,1,0,0
BRDA:55,1,1,0
BRDA:63,2,0,0
BRDA:63,2,1,0
BRDA:71,3,0,0
BRDA:71,3,1,0
BRF:8
BRH:0
end_of_record
TN:
SF:src\pages\components\drawingCartao\index.tsx
FN:16,(anonymous_0)
FNF:1
FNH:0
FNDA:0,(anonymous_0)
DA:6,1
DA:7,1
DA:16,1
DA:17,0
LF:4
LH:3
BRF:0
BRH:0
end_of_record
TN:
SF:src\pages\components\drawingCartao\style.ts
FNF:0
FNH:0
DA:3,1
LF:1
LH:1
BRF:0
BRH:0
end_of_record
TN:
SF:src\routes\AppStack.tsx
FN:14,AppStack
FN:33,(anonymous_1)
FN:52,(anonymous_2)
FN:53,(anonymous_3)
FN:71,(anonymous_4)
FN:72,(anonymous_5)
FNF:6
FNH:2
FNDA:1,AppStack
FNDA:2,(anonymous_1)
FNDA:0,(anonymous_2)
FNDA:0,(anonymous_3)
FNDA:0,(anonymous_4)
FNDA:0,(anonymous_5)
DA:12,1
DA:15,1
DA:33,2
DA:52,0
DA:53,0
DA:71,0
DA:72,0
LF:7
LH:3
BRF:0
BRH:0
end_of_record
TN:
SF:src\routes\wrapper.tsx
FN:5,FocusAwareStatusBar
FNF:1
FNH:1
FNDA:1,FocusAwareStatusBar
DA:6,1
DA:8,1
LF:2
LH:2
BRDA:8,0,0,1
BRDA:8,0,1,0
BRF:2
BRH:1
end_of_record
TN:
SF:src\services\api.js
FNF:0
FNH:0
DA:3,1
LF:1
LH:1
BRF:0
BRH:0
end_of_record
TN:
SF:src\store\index.ts
FNF:0
FNH:0
DA:12,1
DA:14,1
DA:16,1
LF:3
LH:3
BRF:0
BRH:0
end_of_record
TN:
SF:src\store\ducks\rootReducer.ts
FNF:0
FNH:0
LF:0
LH:0
BRF:0
BRH:0
end_of_record
TN:
SF:src\store\ducks\rootSaga.ts
FN:6,rootSaga
FNF:1
FNH:1
FNDA:1,rootSaga
DA:7,1
LF:1
LH:1
BRF:0
BRH:0
end_of_record
TN:
SF:src\store\ducks\repositories\actions.ts
FN:4,(anonymous_0)
FN:6,(anonymous_1)
FN:8,(anonymous_2)
FNF:3
FNH:1
FNDA:1,(anonymous_0)
FNDA:0,(anonymous_1)
FNDA:0,(anonymous_2)
DA:4,1
DA:6,1
DA:8,1
LF:3
LH:3
BRF:0
BRH:0
end_of_record
TN:
SF:src\store\ducks\repositories\index.ts
FN:10,(anonymous_0)
FNF:1
FNH:1
FNDA:4,(anonymous_0)
DA:4,1
DA:10,1
DA:11,4
DA:13,1
DA:15,0
DA:19,0
DA:23,3
LF:7
LH:5
BRDA:10,0,0,3
BRDA:11,1,0,1
BRDA:11,1,1,0
BRDA:11,1,2,0
BRDA:11,1,3,3
BRF:5
BRH:3
end_of_record
TN:
SF:src\store\ducks\repositories\sagas.ts
FN:6,load
FNF:1
FNH:1
FNDA:1,load
DA:7,1
DA:8,1
DA:10,0
DA:12,0
LF:4
LH:2
BRF:0
BRH:0
end_of_record
TN:
SF:src\store\ducks\repositories\types.ts
FNF:0
FNH:0
LF:0
LH:0
BRF:0
BRH:0
end_of_record
TN:
SF:src\utils\masks.ts
FN:3,maskCartaoCredito
FN:12,maskCvv
FN:18,maskValidade
FN:25,maskString
FNF:4
FNH:0
FNDA:0,maskCartaoCredito
FNDA:0,maskCvv
FNDA:0,maskValidade
FNDA:0,maskString
DA:4,0
DA:5,0
DA:6,0
DA:7,0
DA:9,0
DA:13,0
DA:14,0
DA:15,0
DA:19,0
DA:20,0
DA:21,0
DA:22,0
DA:26,0
DA:27,0
LF:14
LH:0
BRF:0
BRH:0
end_of_record
